<?xml version="1.0" encoding="UTF-8"?>
<!-- Generated by org.testng.reporters.JUnitReportReporter -->
<testsuite hostname="Deths-MacBook-Pro.local" failures="0" tests="2" name="selenium.Testing2" time="0.009" errors="0" timestamp="03 Aug. 2019 22:40:58 GMT" skipped="0">
  <testcase classname="selenium.Testing2" name="test3" time="0.002"/>
  <testcase classname="selenium.Testing2" name="test4" time="0.007"/>
</testsuite> <!-- selenium.Testing2 -->
