<?xml version="1.0" encoding="UTF-8"?>
<!-- Generated by org.testng.reporters.JUnitReportReporter -->
<testsuite hostname="Deths-MacBook-Pro.local" failures="0" tests="2" name="selenium.Testing2" time="0.001" errors="0" timestamp="25 May 2019 20:49:43 GMT" skipped="0">
  <testcase classname="selenium.Testing2" name="test3" time="0.001"/>
  <testcase classname="selenium.Testing2" name="test4" time="0.000"/>
</testsuite> <!-- selenium.Testing2 -->
