<?xml version="1.0" encoding="UTF-8"?>
<!-- Generated by org.testng.reporters.JUnitReportReporter -->
<testsuite hostname="Deths-MacBook-Pro.local" failures="0" tests="4" name="selenium.Testing1" time="0.061" errors="0" timestamp="03 Aug. 2019 22:40:58 GMT" skipped="0">
  <testcase classname="selenium.Testing1" name="test2" time="0.010"/>
  <testcase classname="selenium.Testing1" name="f" time="0.003"/>
  <testcase classname="selenium.Testing1" name="f" time="0.036"/>
  <testcase classname="selenium.Testing1" name="test1" time="0.012"/>
</testsuite> <!-- selenium.Testing1 -->
